mode: set
process_orders/server/handler/payment.go:13.75,19.16 3 1
process_orders/server/handler/payment.go:24.2,33.16 3 1
process_orders/server/handler/payment.go:37.2,37.12 1 1
process_orders/server/handler/payment.go:19.16,22.3 1 1
process_orders/server/handler/payment.go:33.16,35.3 1 1
process_orders/repository/process-payment.go:23.13,25.16 2 1
process_orders/repository/process-payment.go:29.2,32.3 1 1
process_orders/repository/process-payment.go:25.16,27.3 1 0
process_orders/repository/process-payment.go:35.71,60.16 2 1
process_orders/repository/process-payment.go:64.2,64.12 1 1
process_orders/repository/process-payment.go:60.16,62.3 1 1
