mode: set
create_payment_app/server/handler/payment.go:13.75,19.16 3 1
create_payment_app/server/handler/payment.go:24.2,32.16 3 1
create_payment_app/server/handler/payment.go:36.2,36.12 1 1
create_payment_app/server/handler/payment.go:19.16,22.3 1 1
create_payment_app/server/handler/payment.go:32.16,34.3 1 1
create_payment_app/repository/payment-orders.go:24.13,26.16 2 1
create_payment_app/repository/payment-orders.go:30.2,33.3 1 1
create_payment_app/repository/payment-orders.go:26.16,28.3 1 0
create_payment_app/repository/payment-orders.go:36.75,39.16 2 1
create_payment_app/repository/payment-orders.go:45.2,50.16 2 1
create_payment_app/repository/payment-orders.go:55.2,55.12 1 1
create_payment_app/repository/payment-orders.go:39.16,43.3 2 0
create_payment_app/repository/payment-orders.go:50.16,53.3 1 1
