mode: set
process_payment_app/repository/process-payment.go:25.13,27.16 2 1
process_payment_app/repository/process-payment.go:31.2,34.3 1 1
process_payment_app/repository/process-payment.go:27.16,29.3 1 0
process_payment_app/repository/process-payment.go:37.73,64.16 3 1
process_payment_app/repository/process-payment.go:68.2,68.12 1 1
process_payment_app/repository/process-payment.go:64.16,66.3 1 1
process_payment_app/repository/process-payment.go:71.90,81.16 2 1
process_payment_app/repository/process-payment.go:86.2,86.27 1 0
process_payment_app/repository/process-payment.go:90.2,94.16 3 0
process_payment_app/repository/process-payment.go:99.2,99.24 1 0
process_payment_app/repository/process-payment.go:81.16,84.3 2 1
process_payment_app/repository/process-payment.go:86.27,88.3 1 0
process_payment_app/repository/process-payment.go:94.16,97.3 2 0
process_payment_app/server/handler/payment.go:21.115,27.16 3 1
process_payment_app/server/handler/payment.go:34.2,34.35 1 1
process_payment_app/server/handler/payment.go:41.2,45.16 3 1
process_payment_app/server/handler/payment.go:55.2,55.12 1 0
process_payment_app/server/handler/payment.go:62.2,67.16 2 0
process_payment_app/server/handler/payment.go:77.2,79.16 2 0
process_payment_app/server/handler/payment.go:86.2,88.16 2 0
process_payment_app/server/handler/payment.go:98.2,112.16 3 0
process_payment_app/server/handler/payment.go:123.2,136.8 3 0
process_payment_app/server/handler/payment.go:27.16,32.3 1 1
process_payment_app/server/handler/payment.go:34.35,39.3 1 1
process_payment_app/server/handler/payment.go:45.16,53.3 1 1
process_payment_app/server/handler/payment.go:55.12,60.3 1 0
process_payment_app/server/handler/payment.go:67.16,75.3 1 0
process_payment_app/server/handler/payment.go:79.16,84.3 1 0
process_payment_app/server/handler/payment.go:88.16,96.3 1 0
process_payment_app/server/handler/payment.go:112.16,120.3 1 0
